2019-11-18 14:41:49,415 [Worker-5] INFO  c.g.t.t.d.PublishedGradleVersions - Gradle version information cache is out-of-date. Trying to update.
2019-11-18 14:50:32,381 [Worker-3] INFO  c.g.t.t.d.PublishedGradleVersions - Gradle version information cache is up-to-date. Trying to read.
2019-11-18 14:52:49,700 [Worker-4] INFO  o.e.m.c.i.e.AbstractTransferListenerAdapter - Downloading https://repository.walmart.com/content/groups/public/org/springframework/boot/spring-boot-starter-parent/2.2.1.RELEASE/spring-boot-starter-parent-2.2.1.RELEASE.pom
2019-11-18 14:52:50,152 [Worker-4] INFO  o.e.m.c.i.e.AbstractTransferListenerAdapter - Downloaded https://repository.walmart.com/content/groups/public/org/springframework/boot/spring-boot-starter-parent/2.2.1.RELEASE/spring-boot-starter-parent-2.2.1.RELEASE.pom
2019-11-18 14:52:50,869 [Worker-4] INFO  o.e.m.c.i.e.AbstractTransferListenerAdapter - Downloading https://repository.walmart.com/content/groups/public/org/springframework/boot/spring-boot-dependencies/2.2.1.RELEASE/spring-boot-dependencies-2.2.1.RELEASE.pom
2019-11-18 14:52:52,488 [Worker-4] INFO  o.e.m.c.i.e.AbstractTransferListenerAdapter - Downloaded https://repository.walmart.com/content/groups/public/org/springframework/boot/spring-boot-dependencies/2.2.1.RELEASE/spring-boot-dependencies-2.2.1.RELEASE.pom
2019-11-18 14:52:53,384 [Worker-4] INFO  o.e.m.c.i.e.AbstractTransferListenerAdapter - Downloading https://repository.walmart.com/content/groups/public/org/springframework/cloud/spring-cloud-dependencies/Hoxton.RC2/spring-cloud-dependencies-Hoxton.RC2.pom
2019-11-18 14:52:53,824 [Worker-4] INFO  o.e.m.c.i.e.AbstractTransferListenerAdapter - Downloaded https://repository.walmart.com/content/groups/public/org/springframework/cloud/spring-cloud-dependencies/Hoxton.RC2/spring-cloud-dependencies-Hoxton.RC2.pom
2019-11-18 14:52:54,262 [Worker-4] INFO  o.e.m.c.i.e.AbstractTransferListenerAdapter - Downloading https://repository.walmart.com/content/groups/public/org/springframework/cloud/spring-cloud-dependencies-parent/2.2.0.RC2/spring-cloud-dependencies-parent-2.2.0.RC2.pom
2019-11-18 14:52:54,907 [Worker-4] INFO  o.e.m.c.i.e.AbstractTransferListenerAdapter - Downloaded https://repository.walmart.com/content/groups/public/org/springframework/cloud/spring-cloud-dependencies-parent/2.2.0.RC2/spring-cloud-dependencies-parent-2.2.0.RC2.pom
2019-11-18 14:52:55,501 [Worker-4] INFO  o.e.m.c.i.e.AbstractTransferListenerAdapter - Downloading https://repository.walmart.com/content/groups/public/org/springframework/cloud/spring-cloud-commons-dependencies/2.2.0.RC2/spring-cloud-commons-dependencies-2.2.0.RC2.pom
2019-11-18 14:52:55,992 [Worker-4] INFO  o.e.m.c.i.e.AbstractTransferListenerAdapter - Downloaded https://repository.walmart.com/content/groups/public/org/springframework/cloud/spring-cloud-commons-dependencies/2.2.0.RC2/spring-cloud-commons-dependencies-2.2.0.RC2.pom
2019-11-18 14:52:56,801 [Worker-4] INFO  o.e.m.c.i.e.AbstractTransferListenerAdapter - Downloading https://repository.walmart.com/content/groups/public/org/springframework/cloud/spring-cloud-netflix-dependencies/2.2.0.RC2/spring-cloud-netflix-dependencies-2.2.0.RC2.pom
2019-11-18 14:52:57,462 [Worker-4] INFO  o.e.m.c.i.e.AbstractTransferListenerAdapter - Downloaded https://repository.walmart.com/content/groups/public/org/springframework/cloud/spring-cloud-netflix-dependencies/2.2.0.RC2/spring-cloud-netflix-dependencies-2.2.0.RC2.pom
2019-11-18 14:52:58,164 [Worker-4] INFO  o.e.m.c.i.e.AbstractTransferListenerAdapter - Downloading https://repository.walmart.com/content/groups/public/org/springframework/cloud/spring-cloud-stream-dependencies/Horsham.RC2/spring-cloud-stream-dependencies-Horsham.RC2.pom
2019-11-18 14:52:58,685 [Worker-4] INFO  o.e.m.c.i.e.AbstractTransferListenerAdapter - Downloaded https://repository.walmart.com/content/groups/public/org/springframework/cloud/spring-cloud-stream-dependencies/Horsham.RC2/spring-cloud-stream-dependencies-Horsham.RC2.pom
2019-11-18 14:52:59,222 [Worker-4] INFO  o.e.m.c.i.e.AbstractTransferListenerAdapter - Downloading https://repository.walmart.com/content/groups/public/org/springframework/cloud/spring-cloud-task-dependencies/2.2.0.RC1/spring-cloud-task-dependencies-2.2.0.RC1.pom
2019-11-18 14:52:59,715 [Worker-4] INFO  o.e.m.c.i.e.AbstractTransferListenerAdapter - Downloaded https://repository.walmart.com/content/groups/public/org/springframework/cloud/spring-cloud-task-dependencies/2.2.0.RC1/spring-cloud-task-dependencies-2.2.0.RC1.pom
2019-11-18 14:53:00,331 [Worker-4] INFO  o.e.m.c.i.e.AbstractTransferListenerAdapter - Downloading https://repository.walmart.com/content/groups/public/org/springframework/cloud/spring-cloud-dependencies-parent/2.2.0.M1/spring-cloud-dependencies-parent-2.2.0.M1.pom
2019-11-18 14:53:01,054 [Worker-4] INFO  o.e.m.c.i.e.AbstractTransferListenerAdapter - Downloaded https://repository.walmart.com/content/groups/public/org/springframework/cloud/spring-cloud-dependencies-parent/2.2.0.M1/spring-cloud-dependencies-parent-2.2.0.M1.pom
2019-11-18 14:53:01,600 [Worker-4] INFO  o.e.m.c.i.e.AbstractTransferListenerAdapter - Downloading https://repository.walmart.com/content/groups/public/org/springframework/cloud/spring-cloud-circuitbreaker-dependencies/1.0.0.RC2/spring-cloud-circuitbreaker-dependencies-1.0.0.RC2.pom
2019-11-18 14:53:02,056 [Worker-4] INFO  o.e.m.c.i.e.AbstractTransferListenerAdapter - Downloaded https://repository.walmart.com/content/groups/public/org/springframework/cloud/spring-cloud-circuitbreaker-dependencies/1.0.0.RC2/spring-cloud-circuitbreaker-dependencies-1.0.0.RC2.pom
2019-11-18 14:53:02,622 [Worker-4] INFO  o.e.m.c.i.e.AbstractTransferListenerAdapter - Downloading https://repository.walmart.com/content/groups/public/org/springframework/cloud/spring-cloud-config-dependencies/2.2.0.RC2/spring-cloud-config-dependencies-2.2.0.RC2.pom
2019-11-18 14:53:03,309 [Worker-4] INFO  o.e.m.c.i.e.AbstractTransferListenerAdapter - Downloaded https://repository.walmart.com/content/groups/public/org/springframework/cloud/spring-cloud-config-dependencies/2.2.0.RC2/spring-cloud-config-dependencies-2.2.0.RC2.pom
2019-11-18 14:53:03,897 [Worker-4] INFO  o.e.m.c.i.e.AbstractTransferListenerAdapter - Downloading https://repository.walmart.com/content/groups/public/org/springframework/cloud/spring-cloud-function-dependencies/3.0.0.RC2/spring-cloud-function-dependencies-3.0.0.RC2.pom
2019-11-18 14:53:04,336 [Worker-4] INFO  o.e.m.c.i.e.AbstractTransferListenerAdapter - Downloaded https://repository.walmart.com/content/groups/public/org/springframework/cloud/spring-cloud-function-dependencies/3.0.0.RC2/spring-cloud-function-dependencies-3.0.0.RC2.pom
2019-11-18 14:53:04,830 [Worker-4] INFO  o.e.m.c.i.e.AbstractTransferListenerAdapter - Downloading https://repository.walmart.com/content/groups/public/org/springframework/cloud/spring-cloud-gateway-dependencies/2.2.0.RC2/spring-cloud-gateway-dependencies-2.2.0.RC2.pom
2019-11-18 14:53:05,316 [Worker-4] INFO  o.e.m.c.i.e.AbstractTransferListenerAdapter - Downloaded https://repository.walmart.com/content/groups/public/org/springframework/cloud/spring-cloud-gateway-dependencies/2.2.0.RC2/spring-cloud-gateway-dependencies-2.2.0.RC2.pom
2019-11-18 14:53:05,989 [Worker-4] INFO  o.e.m.c.i.e.AbstractTransferListenerAdapter - Downloading https://repository.walmart.com/content/groups/public/org/springframework/cloud/spring-cloud-consul-dependencies/2.2.0.RC2/spring-cloud-consul-dependencies-2.2.0.RC2.pom
2019-11-18 14:53:06,528 [Worker-4] INFO  o.e.m.c.i.e.AbstractTransferListenerAdapter - Downloaded https://repository.walmart.com/content/groups/public/org/springframework/cloud/spring-cloud-consul-dependencies/2.2.0.RC2/spring-cloud-consul-dependencies-2.2.0.RC2.pom
2019-11-18 14:53:07,173 [Worker-4] INFO  o.e.m.c.i.e.AbstractTransferListenerAdapter - Downloading https://repository.walmart.com/content/groups/public/org/springframework/cloud/spring-cloud-sleuth-dependencies/2.2.0.RC2/spring-cloud-sleuth-dependencies-2.2.0.RC2.pom
2019-11-18 14:53:07,817 [Worker-4] INFO  o.e.m.c.i.e.AbstractTransferListenerAdapter - Downloaded https://repository.walmart.com/content/groups/public/org/springframework/cloud/spring-cloud-sleuth-dependencies/2.2.0.RC2/spring-cloud-sleuth-dependencies-2.2.0.RC2.pom
2019-11-18 14:53:08,845 [Worker-4] INFO  o.e.m.c.i.e.AbstractTransferListenerAdapter - Downloading https://repository.walmart.com/content/groups/public/io/zipkin/brave/brave-bom/5.9.0/brave-bom-5.9.0.pom
2019-11-18 14:53:09,331 [Worker-4] INFO  o.e.m.c.i.e.AbstractTransferListenerAdapter - Downloaded https://repository.walmart.com/content/groups/public/io/zipkin/brave/brave-bom/5.9.0/brave-bom-5.9.0.pom
2019-11-18 14:53:10,010 [Worker-4] INFO  o.e.m.c.i.e.AbstractTransferListenerAdapter - Downloading https://repository.walmart.com/content/groups/public/io/zipkin/reporter2/zipkin-reporter-bom/2.11.0/zipkin-reporter-bom-2.11.0.pom
2019-11-18 14:53:10,673 [Worker-4] INFO  o.e.m.c.i.e.AbstractTransferListenerAdapter - Downloaded https://repository.walmart.com/content/groups/public/io/zipkin/reporter2/zipkin-reporter-bom/2.11.0/zipkin-reporter-bom-2.11.0.pom
2019-11-18 14:53:11,288 [Worker-4] INFO  o.e.m.c.i.e.AbstractTransferListenerAdapter - Downloading https://repository.walmart.com/content/groups/public/org/springframework/cloud/spring-cloud-vault-dependencies/2.2.0.RC2/spring-cloud-vault-dependencies-2.2.0.RC2.pom
2019-11-18 14:53:11,791 [Worker-4] INFO  o.e.m.c.i.e.AbstractTransferListenerAdapter - Downloaded https://repository.walmart.com/content/groups/public/org/springframework/cloud/spring-cloud-vault-dependencies/2.2.0.RC2/spring-cloud-vault-dependencies-2.2.0.RC2.pom
2019-11-18 14:53:12,395 [Worker-4] INFO  o.e.m.c.i.e.AbstractTransferListenerAdapter - Downloading https://repository.walmart.com/content/groups/public/org/springframework/cloud/spring-cloud-zookeeper-dependencies/2.2.0.RC2/spring-cloud-zookeeper-dependencies-2.2.0.RC2.pom
2019-11-18 14:53:13,032 [Worker-4] INFO  o.e.m.c.i.e.AbstractTransferListenerAdapter - Downloaded https://repository.walmart.com/content/groups/public/org/springframework/cloud/spring-cloud-zookeeper-dependencies/2.2.0.RC2/spring-cloud-zookeeper-dependencies-2.2.0.RC2.pom
2019-11-18 14:53:13,623 [Worker-4] INFO  o.e.m.c.i.e.AbstractTransferListenerAdapter - Downloading https://repository.walmart.com/content/groups/public/org/springframework/cloud/spring-cloud-security-dependencies/2.2.0.RC2/spring-cloud-security-dependencies-2.2.0.RC2.pom
2019-11-18 14:53:14,359 [Worker-4] INFO  o.e.m.c.i.e.AbstractTransferListenerAdapter - Downloaded https://repository.walmart.com/content/groups/public/org/springframework/cloud/spring-cloud-security-dependencies/2.2.0.RC2/spring-cloud-security-dependencies-2.2.0.RC2.pom
2019-11-18 14:53:14,957 [Worker-4] INFO  o.e.m.c.i.e.AbstractTransferListenerAdapter - Downloading https://repository.walmart.com/content/groups/public/org/springframework/cloud/spring-cloud-cloudfoundry-dependencies/2.2.0.RC2/spring-cloud-cloudfoundry-dependencies-2.2.0.RC2.pom
2019-11-18 14:53:15,596 [Worker-4] INFO  o.e.m.c.i.e.AbstractTransferListenerAdapter - Downloaded https://repository.walmart.com/content/groups/public/org/springframework/cloud/spring-cloud-cloudfoundry-dependencies/2.2.0.RC2/spring-cloud-cloudfoundry-dependencies-2.2.0.RC2.pom
2019-11-18 14:53:16,264 [Worker-4] INFO  o.e.m.c.i.e.AbstractTransferListenerAdapter - Downloading https://repository.walmart.com/content/groups/public/org/springframework/cloud/spring-cloud-bus-dependencies/2.2.0.RC2/spring-cloud-bus-dependencies-2.2.0.RC2.pom
2019-11-18 14:53:16,718 [Worker-4] INFO  o.e.m.c.i.e.AbstractTransferListenerAdapter - Downloaded https://repository.walmart.com/content/groups/public/org/springframework/cloud/spring-cloud-bus-dependencies/2.2.0.RC2/spring-cloud-bus-dependencies-2.2.0.RC2.pom
2019-11-18 14:53:17,320 [Worker-4] INFO  o.e.m.c.i.e.AbstractTransferListenerAdapter - Downloading https://repository.walmart.com/content/groups/public/org/springframework/cloud/spring-cloud-contract-dependencies/2.2.0.RC2/spring-cloud-contract-dependencies-2.2.0.RC2.pom
2019-11-18 14:53:20,302 [Worker-4] INFO  o.e.m.c.i.e.AbstractTransferListenerAdapter - Downloaded https://repository.walmart.com/content/groups/public/org/springframework/cloud/spring-cloud-contract-dependencies/2.2.0.RC2/spring-cloud-contract-dependencies-2.2.0.RC2.pom
2019-11-18 14:53:20,998 [Worker-4] INFO  o.e.m.c.i.e.AbstractTransferListenerAdapter - Downloading https://repository.walmart.com/content/groups/public/org/springframework/cloud/spring-cloud-aws-dependencies/2.2.0.RC2/spring-cloud-aws-dependencies-2.2.0.RC2.pom
2019-11-18 14:53:22,880 [Worker-4] INFO  o.e.m.c.i.e.AbstractTransferListenerAdapter - Downloaded https://repository.walmart.com/content/groups/public/org/springframework/cloud/spring-cloud-aws-dependencies/2.2.0.RC2/spring-cloud-aws-dependencies-2.2.0.RC2.pom
2019-11-18 14:53:23,506 [Worker-4] INFO  o.e.m.c.i.e.AbstractTransferListenerAdapter - Downloading https://repository.walmart.com/content/groups/public/com/amazonaws/aws-java-sdk-bom/1.11.415/aws-java-sdk-bom-1.11.415.pom
2019-11-18 14:53:24,495 [Worker-4] INFO  o.e.m.c.i.e.AbstractTransferListenerAdapter - Downloaded https://repository.walmart.com/content/groups/public/com/amazonaws/aws-java-sdk-bom/1.11.415/aws-java-sdk-bom-1.11.415.pom
2019-11-18 14:53:25,506 [Worker-4] INFO  o.e.m.c.i.e.AbstractTransferListenerAdapter - Downloading https://repository.walmart.com/content/groups/public/com/amazonaws/aws-java-sdk-pom/1.11.415/aws-java-sdk-pom-1.11.415.pom
2019-11-18 14:53:26,132 [Worker-4] INFO  o.e.m.c.i.e.AbstractTransferListenerAdapter - Downloaded https://repository.walmart.com/content/groups/public/com/amazonaws/aws-java-sdk-pom/1.11.415/aws-java-sdk-pom-1.11.415.pom
2019-11-18 14:53:26,691 [Worker-4] INFO  o.e.m.c.i.e.AbstractTransferListenerAdapter - Downloading https://repository.walmart.com/content/groups/public/org/springframework/cloud/spring-cloud-openfeign-dependencies/2.2.0.RC2/spring-cloud-openfeign-dependencies-2.2.0.RC2.pom
2019-11-18 14:53:27,363 [Worker-4] INFO  o.e.m.c.i.e.AbstractTransferListenerAdapter - Downloaded https://repository.walmart.com/content/groups/public/org/springframework/cloud/spring-cloud-openfeign-dependencies/2.2.0.RC2/spring-cloud-openfeign-dependencies-2.2.0.RC2.pom
2019-11-18 14:53:28,166 [Worker-4] INFO  o.e.m.c.i.e.AbstractTransferListenerAdapter - Downloading https://repository.walmart.com/content/groups/public/org/springframework/cloud/spring-cloud-kubernetes-dependencies/1.1.0.RC2/spring-cloud-kubernetes-dependencies-1.1.0.RC2.pom
2019-11-18 14:53:28,898 [Worker-4] INFO  o.e.m.c.i.e.AbstractTransferListenerAdapter - Downloaded https://repository.walmart.com/content/groups/public/org/springframework/cloud/spring-cloud-kubernetes-dependencies/1.1.0.RC2/spring-cloud-kubernetes-dependencies-1.1.0.RC2.pom
2019-11-18 14:53:29,465 [Worker-4] INFO  o.e.m.c.i.e.AbstractTransferListenerAdapter - Downloading https://repository.walmart.com/content/groups/public/io/fabric8/kubernetes-client-bom/4.4.1/kubernetes-client-bom-4.4.1.pom
2019-11-18 14:53:30,234 [Worker-4] INFO  o.e.m.c.i.e.AbstractTransferListenerAdapter - Downloaded https://repository.walmart.com/content/groups/public/io/fabric8/kubernetes-client-bom/4.4.1/kubernetes-client-bom-4.4.1.pom
2019-11-18 14:53:31,235 [Worker-4] INFO  o.e.m.c.i.e.AbstractTransferListenerAdapter - Downloading https://repository.walmart.com/content/groups/public/org/springframework/cloud/spring-cloud-gcp-dependencies/1.2.0.RC2/spring-cloud-gcp-dependencies-1.2.0.RC2.pom
2019-11-18 14:53:31,740 [Worker-4] INFO  o.e.m.c.i.e.AbstractTransferListenerAdapter - Downloaded https://repository.walmart.com/content/groups/public/org/springframework/cloud/spring-cloud-gcp-dependencies/1.2.0.RC2/spring-cloud-gcp-dependencies-1.2.0.RC2.pom
2019-11-18 14:53:32,464 [Worker-4] INFO  o.e.m.c.i.e.AbstractTransferListenerAdapter - Downloading https://repository.walmart.com/content/groups/public/com/google/cloud/google-cloud-bom/0.118.0-alpha/google-cloud-bom-0.118.0-alpha.pom
2019-11-18 14:53:33,178 [Worker-4] INFO  o.e.m.c.i.e.AbstractTransferListenerAdapter - Downloaded https://repository.walmart.com/content/groups/public/com/google/cloud/google-cloud-bom/0.118.0-alpha/google-cloud-bom-0.118.0-alpha.pom
2019-11-18 14:53:33,766 [Worker-4] INFO  o.e.m.c.i.e.AbstractTransferListenerAdapter - Downloading https://repository.walmart.com/content/groups/public/com/google/api/gax-bom/1.49.1/gax-bom-1.49.1.pom
2019-11-18 14:53:34,585 [Worker-4] INFO  o.e.m.c.i.e.AbstractTransferListenerAdapter - Downloaded https://repository.walmart.com/content/groups/public/com/google/api/gax-bom/1.49.1/gax-bom-1.49.1.pom
2019-11-18 14:53:35,125 [Worker-4] INFO  o.e.m.c.i.e.AbstractTransferListenerAdapter - Downloading https://repository.walmart.com/content/groups/public/com/google/cloud/google-cloud-asset-bom/0.115.0-beta/google-cloud-asset-bom-0.115.0-beta.pom
2019-11-18 14:53:35,617 [Worker-4] INFO  o.e.m.c.i.e.AbstractTransferListenerAdapter - Downloaded https://repository.walmart.com/content/groups/public/com/google/cloud/google-cloud-asset-bom/0.115.0-beta/google-cloud-asset-bom-0.115.0-beta.pom
2019-11-18 14:53:36,146 [Worker-4] INFO  o.e.m.c.i.e.AbstractTransferListenerAdapter - Downloading https://repository.walmart.com/content/groups/public/com/google/cloud/google-cloud-shared-config/0.2.1/google-cloud-shared-config-0.2.1.pom
2019-11-18 14:53:36,649 [Worker-4] INFO  o.e.m.c.i.e.AbstractTransferListenerAdapter - Downloaded https://repository.walmart.com/content/groups/public/com/google/cloud/google-cloud-shared-config/0.2.1/google-cloud-shared-config-0.2.1.pom
2019-11-18 14:53:37,108 [Worker-4] INFO  o.e.m.c.i.e.AbstractTransferListenerAdapter - Downloading https://repository.walmart.com/content/groups/public/com/google/cloud/google-cloud-automl-bom/0.114.1-beta/google-cloud-automl-bom-0.114.1-beta.pom
2019-11-18 14:53:37,560 [Worker-4] INFO  o.e.m.c.i.e.AbstractTransferListenerAdapter - Downloaded https://repository.walmart.com/content/groups/public/com/google/cloud/google-cloud-automl-bom/0.114.1-beta/google-cloud-automl-bom-0.114.1-beta.pom
2019-11-18 14:53:38,020 [Worker-4] INFO  o.e.m.c.i.e.AbstractTransferListenerAdapter - Downloading https://repository.walmart.com/content/groups/public/com/google/cloud/google-cloud-core-bom/1.91.3/google-cloud-core-bom-1.91.3.pom
2019-11-18 14:53:38,498 [Worker-4] INFO  o.e.m.c.i.e.AbstractTransferListenerAdapter - Downloaded https://repository.walmart.com/content/groups/public/com/google/cloud/google-cloud-core-bom/1.91.3/google-cloud-core-bom-1.91.3.pom
2019-11-18 14:53:39,006 [Worker-4] INFO  o.e.m.c.i.e.AbstractTransferListenerAdapter - Downloading https://repository.walmart.com/content/groups/public/com/google/cloud/google-cloud-datacatalog-bom/0.29.0-alpha/google-cloud-datacatalog-bom-0.29.0-alpha.pom
2019-11-18 14:53:39,752 [Worker-4] INFO  o.e.m.c.i.e.AbstractTransferListenerAdapter - Downloaded https://repository.walmart.com/content/groups/public/com/google/cloud/google-cloud-datacatalog-bom/0.29.0-alpha/google-cloud-datacatalog-bom-0.29.0-alpha.pom
2019-11-18 14:53:40,296 [Worker-4] INFO  o.e.m.c.i.e.AbstractTransferListenerAdapter - Downloading https://repository.walmart.com/content/groups/public/com/google/cloud/google-cloud-datalabeling-bom/0.116.1-alpha/google-cloud-datalabeling-bom-0.116.1-alpha.pom
2019-11-18 14:53:40,769 [Worker-4] INFO  o.e.m.c.i.e.AbstractTransferListenerAdapter - Downloaded https://repository.walmart.com/content/groups/public/com/google/cloud/google-cloud-datalabeling-bom/0.116.1-alpha/google-cloud-datalabeling-bom-0.116.1-alpha.pom
2019-11-18 14:53:41,271 [Worker-4] INFO  o.e.m.c.i.e.AbstractTransferListenerAdapter - Downloading https://repository.walmart.com/content/groups/public/com/google/cloud/google-cloud-dlp-bom/0.116.0-beta/google-cloud-dlp-bom-0.116.0-beta.pom
2019-11-18 14:53:41,715 [Worker-4] INFO  o.e.m.c.i.e.AbstractTransferListenerAdapter - Downloaded https://repository.walmart.com/content/groups/public/com/google/cloud/google-cloud-dlp-bom/0.116.0-beta/google-cloud-dlp-bom-0.116.0-beta.pom
2019-11-18 14:53:42,409 [Worker-4] INFO  o.e.m.c.i.e.AbstractTransferListenerAdapter - Downloading https://repository.walmart.com/content/groups/public/com/google/cloud/google-cloud-speech-bom/1.21.0/google-cloud-speech-bom-1.21.0.pom
2019-11-18 14:53:42,927 [Worker-4] INFO  o.e.m.c.i.e.AbstractTransferListenerAdapter - Downloaded https://repository.walmart.com/content/groups/public/com/google/cloud/google-cloud-speech-bom/1.21.0/google-cloud-speech-bom-1.21.0.pom
2019-11-18 14:53:43,932 [Worker-4] INFO  o.e.m.c.i.e.AbstractTransferListenerAdapter - Downloading https://repository.walmart.com/content/groups/public/com/google/cloud/google-cloud-tasks-bom/1.26.0/google-cloud-tasks-bom-1.26.0.pom
2019-11-18 14:53:44,566 [Worker-4] INFO  o.e.m.c.i.e.AbstractTransferListenerAdapter - Downloaded https://repository.walmart.com/content/groups/public/com/google/cloud/google-cloud-tasks-bom/1.26.0/google-cloud-tasks-bom-1.26.0.pom
2019-11-18 14:53:45,023 [Worker-4] INFO  o.e.m.c.i.e.AbstractTransferListenerAdapter - Downloading https://repository.walmart.com/content/groups/public/com/google/cloud/google-cloud-texttospeech-bom/0.117.0-beta/google-cloud-texttospeech-bom-0.117.0-beta.pom
2019-11-18 14:53:45,421 [Worker-4] INFO  o.e.m.c.i.e.AbstractTransferListenerAdapter - Downloaded https://repository.walmart.com/content/groups/public/com/google/cloud/google-cloud-texttospeech-bom/0.117.0-beta/google-cloud-texttospeech-bom-0.117.0-beta.pom
2019-11-18 14:53:45,838 [Worker-4] INFO  o.e.m.c.i.e.AbstractTransferListenerAdapter - Downloading https://repository.walmart.com/content/groups/public/com/google/cloud/google-cloud-trace-bom/0.109.0-beta/google-cloud-trace-bom-0.109.0-beta.pom
2019-11-18 14:53:46,219 [Worker-4] INFO  o.e.m.c.i.e.AbstractTransferListenerAdapter - Downloaded https://repository.walmart.com/content/groups/public/com/google/cloud/google-cloud-trace-bom/0.109.0-beta/google-cloud-trace-bom-0.109.0-beta.pom
2019-11-18 14:53:46,640 [Worker-4] INFO  o.e.m.c.i.e.AbstractTransferListenerAdapter - Downloading https://repository.walmart.com/content/groups/public/com/google/cloud/google-cloud-translate-bom/1.94.0/google-cloud-translate-bom-1.94.0.pom
2019-11-18 14:53:47,203 [Worker-4] INFO  o.e.m.c.i.e.AbstractTransferListenerAdapter - Downloaded https://repository.walmart.com/content/groups/public/com/google/cloud/google-cloud-translate-bom/1.94.0/google-cloud-translate-bom-1.94.0.pom
2019-11-18 14:53:47,928 [Worker-4] INFO  o.e.m.c.i.e.AbstractTransferListenerAdapter - Downloading https://repository.walmart.com/content/groups/public/com/google/cloud/google-cloud-vision-bom/1.98.0/google-cloud-vision-bom-1.98.0.pom
2019-11-18 14:53:48,378 [Worker-4] INFO  o.e.m.c.i.e.AbstractTransferListenerAdapter - Downloaded https://repository.walmart.com/content/groups/public/com/google/cloud/google-cloud-vision-bom/1.98.0/google-cloud-vision-bom-1.98.0.pom
2019-11-18 14:53:48,847 [Worker-4] INFO  o.e.m.c.i.e.AbstractTransferListenerAdapter - Downloading https://repository.walmart.com/content/groups/public/com/google/cloud/google-cloud-iot-bom/0.116.0-beta/google-cloud-iot-bom-0.116.0-beta.pom
2019-11-18 14:53:49,279 [Worker-4] INFO  o.e.m.c.i.e.AbstractTransferListenerAdapter - Downloaded https://repository.walmart.com/content/groups/public/com/google/cloud/google-cloud-iot-bom/0.116.0-beta/google-cloud-iot-bom-0.116.0-beta.pom
2019-11-18 14:53:49,684 [Worker-4] INFO  o.e.m.c.i.e.AbstractTransferListenerAdapter - Downloading https://repository.walmart.com/content/groups/public/com/google/cloud/google-cloud-websecurityscanner-bom/0.116.0/google-cloud-websecurityscanner-bom-0.116.0.pom
2019-11-18 14:53:50,620 [Worker-4] INFO  o.e.m.c.i.e.AbstractTransferListenerAdapter - Downloaded https://repository.walmart.com/content/groups/public/com/google/cloud/google-cloud-websecurityscanner-bom/0.116.0/google-cloud-websecurityscanner-bom-0.116.0.pom
2019-11-18 14:53:51,180 [Worker-4] INFO  o.e.m.c.i.e.AbstractTransferListenerAdapter - Downloading https://repository.walmart.com/content/groups/public/com/google/cloud/google-cloud-iamcredentials-bom/0.43.0-alpha/google-cloud-iamcredentials-bom-0.43.0-alpha.pom
2019-11-18 14:53:52,348 [Worker-4] INFO  o.e.m.c.i.e.AbstractTransferListenerAdapter - Downloaded https://repository.walmart.com/content/groups/public/com/google/cloud/google-cloud-iamcredentials-bom/0.43.0-alpha/google-cloud-iamcredentials-bom-0.43.0-alpha.pom
2019-11-18 14:53:53,045 [Worker-4] INFO  o.e.m.c.i.e.AbstractTransferListenerAdapter - Downloading https://repository.walmart.com/content/groups/public/com/google/cloud/google-cloud-talent-bom/0.34.0-beta/google-cloud-talent-bom-0.34.0-beta.pom
2019-11-18 14:53:53,677 [Worker-4] INFO  o.e.m.c.i.e.AbstractTransferListenerAdapter - Downloaded https://repository.walmart.com/content/groups/public/com/google/cloud/google-cloud-talent-bom/0.34.0-beta/google-cloud-talent-bom-0.34.0-beta.pom
2019-11-18 14:53:54,274 [Worker-4] INFO  o.e.m.c.i.e.AbstractTransferListenerAdapter - Downloading https://repository.walmart.com/content/groups/public/com/google/cloud/google-cloud-phishingprotection-bom/0.28.0/google-cloud-phishingprotection-bom-0.28.0.pom
2019-11-18 14:53:54,826 [Worker-4] INFO  o.e.m.c.i.e.AbstractTransferListenerAdapter - Downloaded https://repository.walmart.com/content/groups/public/com/google/cloud/google-cloud-phishingprotection-bom/0.28.0/google-cloud-phishingprotection-bom-0.28.0.pom
2019-11-18 14:53:55,975 [Worker-4] INFO  o.e.m.c.i.e.AbstractTransferListenerAdapter - Downloading https://repository.walmart.com/content/groups/public/com/google/cloud/google-cloud-gameservices-bom/0.17.0/google-cloud-gameservices-bom-0.17.0.pom
2019-11-18 14:53:56,428 [Worker-4] INFO  o.e.m.c.i.e.AbstractTransferListenerAdapter - Downloaded https://repository.walmart.com/content/groups/public/com/google/cloud/google-cloud-gameservices-bom/0.17.0/google-cloud-gameservices-bom-0.17.0.pom
2019-11-18 14:53:57,139 [Worker-4] INFO  o.e.m.c.i.e.AbstractTransferListenerAdapter - Downloading https://repository.walmart.com/content/groups/public/com/fasterxml/jackson/jackson-bom/2.10.0/jackson-bom-2.10.0.pom
2019-11-18 14:53:57,884 [Worker-4] INFO  o.e.m.c.i.e.AbstractTransferListenerAdapter - Downloaded https://repository.walmart.com/content/groups/public/com/fasterxml/jackson/jackson-bom/2.10.0/jackson-bom-2.10.0.pom
2019-11-18 14:53:58,713 [Worker-4] INFO  o.e.m.c.i.e.AbstractTransferListenerAdapter - Downloading https://repository.walmart.com/content/groups/public/com/fasterxml/jackson/jackson-parent/2.10/jackson-parent-2.10.pom
2019-11-18 14:53:59,160 [Worker-4] INFO  o.e.m.c.i.e.AbstractTransferListenerAdapter - Downloaded https://repository.walmart.com/content/groups/public/com/fasterxml/jackson/jackson-parent/2.10/jackson-parent-2.10.pom
2019-11-18 14:54:01,378 [Worker-4] INFO  o.e.m.c.i.e.AbstractTransferListenerAdapter - Downloading https://repository.walmart.com/content/groups/public/com/fasterxml/oss-parent/38/oss-parent-38.pom
2019-11-18 14:54:01,851 [Worker-4] INFO  o.e.m.c.i.e.AbstractTransferListenerAdapter - Downloaded https://repository.walmart.com/content/groups/public/com/fasterxml/oss-parent/38/oss-parent-38.pom
2019-11-18 14:54:02,319 [Worker-4] INFO  o.e.m.c.i.e.AbstractTransferListenerAdapter - Downloading https://repository.walmart.com/content/groups/public/io/micrometer/micrometer-bom/1.3.1/micrometer-bom-1.3.1.pom
2019-11-18 14:54:02,976 [Worker-4] INFO  o.e.m.c.i.e.AbstractTransferListenerAdapter - Downloaded https://repository.walmart.com/content/groups/public/io/micrometer/micrometer-bom/1.3.1/micrometer-bom-1.3.1.pom
2019-11-18 14:54:03,900 [Worker-4] INFO  o.e.m.c.i.e.AbstractTransferListenerAdapter - Downloading https://repository.walmart.com/content/groups/public/io/netty/netty-bom/4.1.43.Final/netty-bom-4.1.43.Final.pom
2019-11-18 14:54:04,345 [Worker-4] INFO  o.e.m.c.i.e.AbstractTransferListenerAdapter - Downloaded https://repository.walmart.com/content/groups/public/io/netty/netty-bom/4.1.43.Final/netty-bom-4.1.43.Final.pom
2019-11-18 14:54:04,780 [Worker-4] INFO  o.e.m.c.i.e.AbstractTransferListenerAdapter - Downloading https://repository.walmart.com/content/groups/public/io/projectreactor/reactor-bom/Dysprosium-SR1/reactor-bom-Dysprosium-SR1.pom
2019-11-18 14:54:05,466 [Worker-4] INFO  o.e.m.c.i.e.AbstractTransferListenerAdapter - Downloaded https://repository.walmart.com/content/groups/public/io/projectreactor/reactor-bom/Dysprosium-SR1/reactor-bom-Dysprosium-SR1.pom
2019-11-18 14:54:05,938 [Worker-4] INFO  o.e.m.c.i.e.AbstractTransferListenerAdapter - Downloading https://repository.walmart.com/content/groups/public/io/rsocket/rsocket-bom/1.0.0-RC5/rsocket-bom-1.0.0-RC5.pom
2019-11-18 14:54:06,384 [Worker-4] INFO  o.e.m.c.i.e.AbstractTransferListenerAdapter - Downloaded https://repository.walmart.com/content/groups/public/io/rsocket/rsocket-bom/1.0.0-RC5/rsocket-bom-1.0.0-RC5.pom
2019-11-18 14:54:06,852 [Worker-4] INFO  o.e.m.c.i.e.AbstractTransferListenerAdapter - Downloading https://repository.walmart.com/content/groups/public/org/apache/logging/log4j/log4j-bom/2.12.1/log4j-bom-2.12.1.pom
2019-11-18 14:54:07,273 [Worker-4] INFO  o.e.m.c.i.e.AbstractTransferListenerAdapter - Downloaded https://repository.walmart.com/content/groups/public/org/apache/logging/log4j/log4j-bom/2.12.1/log4j-bom-2.12.1.pom
2019-11-18 14:54:07,762 [Worker-4] INFO  o.e.m.c.i.e.AbstractTransferListenerAdapter - Downloading https://repository.walmart.com/content/groups/public/org/eclipse/jetty/jetty-bom/9.4.22.v20191022/jetty-bom-9.4.22.v20191022.pom
2019-11-18 14:54:08,497 [Worker-4] INFO  o.e.m.c.i.e.AbstractTransferListenerAdapter - Downloaded https://repository.walmart.com/content/groups/public/org/eclipse/jetty/jetty-bom/9.4.22.v20191022/jetty-bom-9.4.22.v20191022.pom
2019-11-18 14:54:08,941 [Worker-4] INFO  o.e.m.c.i.e.AbstractTransferListenerAdapter - Downloading https://repository.walmart.com/content/groups/public/org/glassfish/jersey/jersey-bom/2.29.1/jersey-bom-2.29.1.pom
2019-11-18 14:54:09,639 [Worker-4] INFO  o.e.m.c.i.e.AbstractTransferListenerAdapter - Downloaded https://repository.walmart.com/content/groups/public/org/glassfish/jersey/jersey-bom/2.29.1/jersey-bom-2.29.1.pom
2019-11-18 14:54:10,266 [Worker-4] INFO  o.e.m.c.i.e.AbstractTransferListenerAdapter - Downloading https://repository.walmart.com/content/groups/public/org/eclipse/ee4j/project/1.0.5/project-1.0.5.pom
2019-11-18 14:54:10,662 [Worker-4] INFO  o.e.m.c.i.e.AbstractTransferListenerAdapter - Downloaded https://repository.walmart.com/content/groups/public/org/eclipse/ee4j/project/1.0.5/project-1.0.5.pom
2019-11-18 14:54:11,349 [Worker-4] INFO  o.e.m.c.i.e.AbstractTransferListenerAdapter - Downloading https://repository.walmart.com/content/groups/public/org/jetbrains/kotlin/kotlin-bom/1.3.50/kotlin-bom-1.3.50.pom
2019-11-18 14:54:11,882 [Worker-4] INFO  o.e.m.c.i.e.AbstractTransferListenerAdapter - Downloaded https://repository.walmart.com/content/groups/public/org/jetbrains/kotlin/kotlin-bom/1.3.50/kotlin-bom-1.3.50.pom
2019-11-18 14:54:12,336 [Worker-4] INFO  o.e.m.c.i.e.AbstractTransferListenerAdapter - Downloading https://repository.walmart.com/content/groups/public/org/jetbrains/kotlinx/kotlinx-coroutines-bom/1.3.2/kotlinx-coroutines-bom-1.3.2.pom
2019-11-18 14:54:12,765 [Worker-4] INFO  o.e.m.c.i.e.AbstractTransferListenerAdapter - Downloaded https://repository.walmart.com/content/groups/public/org/jetbrains/kotlinx/kotlinx-coroutines-bom/1.3.2/kotlinx-coroutines-bom-1.3.2.pom
2019-11-18 14:54:13,184 [Worker-4] INFO  o.e.m.c.i.e.AbstractTransferListenerAdapter - Downloading https://repository.walmart.com/content/groups/public/org/junit/junit-bom/5.5.2/junit-bom-5.5.2.pom
2019-11-18 14:54:13,698 [Worker-4] INFO  o.e.m.c.i.e.AbstractTransferListenerAdapter - Downloaded https://repository.walmart.com/content/groups/public/org/junit/junit-bom/5.5.2/junit-bom-5.5.2.pom
2019-11-18 14:54:14,128 [Worker-4] INFO  o.e.m.c.i.e.AbstractTransferListenerAdapter - Downloading https://repository.walmart.com/content/groups/public/org/springframework/spring-framework-bom/5.2.1.RELEASE/spring-framework-bom-5.2.1.RELEASE.pom
2019-11-18 14:54:14,555 [Worker-4] INFO  o.e.m.c.i.e.AbstractTransferListenerAdapter - Downloaded https://repository.walmart.com/content/groups/public/org/springframework/spring-framework-bom/5.2.1.RELEASE/spring-framework-bom-5.2.1.RELEASE.pom
2019-11-18 14:54:15,011 [Worker-4] INFO  o.e.m.c.i.e.AbstractTransferListenerAdapter - Downloading https://repository.walmart.com/content/groups/public/org/springframework/data/spring-data-releasetrain/Moore-SR1/spring-data-releasetrain-Moore-SR1.pom
2019-11-18 14:54:15,437 [Worker-4] INFO  o.e.m.c.i.e.AbstractTransferListenerAdapter - Downloaded https://repository.walmart.com/content/groups/public/org/springframework/data/spring-data-releasetrain/Moore-SR1/spring-data-releasetrain-Moore-SR1.pom
2019-11-18 14:54:15,839 [Worker-4] INFO  o.e.m.c.i.e.AbstractTransferListenerAdapter - Downloading https://repository.walmart.com/content/groups/public/org/springframework/data/build/spring-data-build/2.2.1.RELEASE/spring-data-build-2.2.1.RELEASE.pom
2019-11-18 14:54:16,321 [Worker-4] INFO  o.e.m.c.i.e.AbstractTransferListenerAdapter - Downloaded https://repository.walmart.com/content/groups/public/org/springframework/data/build/spring-data-build/2.2.1.RELEASE/spring-data-build-2.2.1.RELEASE.pom
2019-11-18 14:54:17,004 [Worker-4] INFO  o.e.m.c.i.e.AbstractTransferListenerAdapter - Downloading https://repository.walmart.com/content/groups/public/org/springframework/integration/spring-integration-bom/5.2.1.RELEASE/spring-integration-bom-5.2.1.RELEASE.pom
2019-11-18 14:54:18,359 [Worker-4] INFO  o.e.m.c.i.e.AbstractTransferListenerAdapter - Downloaded https://repository.walmart.com/content/groups/public/org/springframework/integration/spring-integration-bom/5.2.1.RELEASE/spring-integration-bom-5.2.1.RELEASE.pom
2019-11-18 14:54:18,872 [Worker-4] INFO  o.e.m.c.i.e.AbstractTransferListenerAdapter - Downloading https://repository.walmart.com/content/groups/public/org/springframework/security/spring-security-bom/5.2.1.RELEASE/spring-security-bom-5.2.1.RELEASE.pom
2019-11-18 14:54:20,124 [Worker-4] INFO  o.e.m.c.i.e.AbstractTransferListenerAdapter - Downloaded https://repository.walmart.com/content/groups/public/org/springframework/security/spring-security-bom/5.2.1.RELEASE/spring-security-bom-5.2.1.RELEASE.pom
2019-11-18 14:54:20,608 [Worker-4] INFO  o.e.m.c.i.e.AbstractTransferListenerAdapter - Downloading https://repository.walmart.com/content/groups/public/org/springframework/session/spring-session-bom/Corn-RELEASE/spring-session-bom-Corn-RELEASE.pom
2019-11-18 14:54:21,061 [Worker-4] INFO  o.e.m.c.i.e.AbstractTransferListenerAdapter - Downloaded https://repository.walmart.com/content/groups/public/org/springframework/session/spring-session-bom/Corn-RELEASE/spring-session-bom-Corn-RELEASE.pom
